<?xml version="1.0" encoding="UTF-8"?>
<testsuite name="ResistorColorDuoTest" tests="5" skipped="0" failures="0" errors="0" timestamp="2020-05-13T13:15:26" hostname="subzero" time="0.016">
  <properties/>
  <testcase name="testBrownAndBlack" classname="ResistorColorDuoTest" time="0.003"/>
  <testcase name="testBlueAndGrey" classname="ResistorColorDuoTest" time="0.0"/>
  <testcase name="testOrangeAndOrange" classname="ResistorColorDuoTest" time="0.001"/>
  <testcase name="testYellowAndViolet" classname="ResistorColorDuoTest" time="0.001"/>
  <testcase name="testIgnoreAdditionalColors" classname="ResistorColorDuoTest" time="0.0"/>
  <system-out><![CDATA[]]></system-out>
  <system-err><![CDATA[]]></system-err>
</testsuite>
